
> nextjs16-app-template-ts@0.1.0 lint
> eslint


C:\Users\KING-KARTA\Desktop\CODE\Projects\Web Development\blog-app\app\actions\post.ts
  106:19  error  Unexpected any. Specify a different type  @typescript-eslint/no-explicit-any

C:\Users\KING-KARTA\Desktop\CODE\Projects\Web Development\blog-app\app\api\posts\route.ts
  86:19  error  Unexpected any. Specify a different type  @typescript-eslint/no-explicit-any

C:\Users\KING-KARTA\Desktop\CODE\Projects\Web Development\blog-app\app\new\page.tsx
  67:19  error  Unexpected any. Specify a different type  @typescript-eslint/no-explicit-any

C:\Users\KING-KARTA\Desktop\CODE\Projects\Web Development\blog-app\app\others\page.tsx
  12:55  error  Unexpected any. Specify a different type  @typescript-eslint/no-explicit-any
  31:29  error  Unexpected any. Specify a different type  @typescript-eslint/no-explicit-any

C:\Users\KING-KARTA\Desktop\CODE\Projects\Web Development\blog-app\app\page.tsx
  12:55  error  Unexpected any. Specify a different type  @typescript-eslint/no-explicit-any
  33:29  error  Unexpected any. Specify a different type  @typescript-eslint/no-explicit-any

C:\Users\KING-KARTA\Desktop\CODE\Projects\Web Development\blog-app\components\Header.tsx
  8:29  warning  'ChevronDown' is defined but never used  @typescript-eslint/no-unused-vars

C:\Users\KING-KARTA\Desktop\CODE\Projects\Web Development\blog-app\lib\models\BlogPost.ts
  64:46  error  Unexpected any. Specify a different type  @typescript-eslint/no-explicit-any

C:\Users\KING-KARTA\Desktop\CODE\Projects\Web Development\blog-app\lib\mongodb.ts
  12:25  error  Unexpected any. Specify a different type  @typescript-eslint/no-explicit-any
  15:23  error  Unexpected any. Specify a different type  @typescript-eslint/no-explicit-any

C:\Users\KING-KARTA\Desktop\CODE\Projects\Web Development\blog-app\proxy.ts
  7:22  warning  'req' is defined but never used  @typescript-eslint/no-unused-vars

Γ£û 12 problems (10 errors, 2 warnings)

